<?xml version="1.0" encoding="UTF-8"?>
<!-- Generated by org.testng.reporters.JUnitXMLReporter -->
<testsuite ignored="2" hostname="10780-lap-0200" failures="0" tests="7" name="Test" time="0.446" errors="0" timestamp="2023-06-20T16:18:38 IST">
  <testcase classname="testNGExamples.Example1" name="testcase1" time="0.009"/>
  <testcase classname="testNGExamples.Example2" name="tc" time="0.005"/>
  <testcase classname="testNGExamples.Example3" name="tc1" time="0.016"/>
  <testcase classname="testNGExamples.Example3" name="tc2" time="0.212"/>
  <testcase classname="testNGExamples.Example4" name="testCase2" time="0.012"/>
  <testcase classname="testNGExamples.Example4" name="testCase3" time="0.017"/>
  <testcase classname="testNGExamples.Example10" name="testFB" time="0.006"/>
  <testcase classname="testNGExamples.Example4" name="testCase4" time="0.0">
    <ignored/>
  </testcase> <!-- testCase4 -->
  <testcase classname="testNGExamples.Example4" name="testCase1" time="0.0">
    <ignored/>
  </testcase> <!-- testCase1 -->
</testsuite> <!-- Test -->
