<?xml version="1.0" encoding="UTF-8"?>
<testng-results ignored="0" total="1" passed="1" failed="0" skipped="0">
  <reporter-output>
  </reporter-output>
  <suite started-at="2023-06-22T14:09:57 IST" name="Default suite" finished-at="2023-06-22T14:10:10 IST" duration-ms="13390">
    <groups>
    </groups>
    <test started-at="2023-06-22T14:09:57 IST" name="Default test" finished-at="2023-06-22T14:10:10 IST" duration-ms="13390">
      <class name="switching.HandlingWindows">
        <test-method signature="testWindowHandling()[pri:0, instance:switching.HandlingWindows@485966cc]" started-at="2023-06-22T14:09:57 IST" name="testWindowHandling" finished-at="2023-06-22T14:10:10 IST" duration-ms="13237" status="PASS">
          <reporter-output>
          </reporter-output>
        </test-method> <!-- testWindowHandling -->
      </class> <!-- switching.HandlingWindows -->
    </test> <!-- Default test -->
  </suite> <!-- Default suite -->
</testng-results>
